<?xml version="1.0" encoding="UTF-8" ?>
<testsuite errors="0" failures="0" hostname="lin17.cs.csbsju.edu" name="jespringer.RahalRampagers.SellerRatingTest" tests="18" time="0.258" timestamp="2013-12-15T20:38:58">
  <properties>
    <property name="libs.jsp-compiler.javadoc" value="" />
    <property name="netbeans.autoupdate.country" value="US" />
    <property name="nb.wait.for.caches" value="true" />
    <property name="javac.test.classpath" value=":build/web/WEB-INF/classes:/opt/netbeans-7.3.1/platform/modules/ext/junit-4.10.jar" />
    <property name="libs.jsf20.maven-pom" value="" />
    <property name="j2ee.copy.static.files.on.save" value="true" />
    <property name="libs.j2me_ant_ext.javadoc" value="" />
    <property name="source.root" value="src" />
    <property name="do.display.browser" value="true" />
    <property name="libs.junit.javadoc" value="/opt/netbeans-7.3.1/java/docs/junit-3.8.2-api.zip" />
    <property name="libs.nokiaS80-ant-utils.javadoc" value="" />
    <property name="ant.core.lib" value="/opt/netbeans-7.3.1/java/ant/lib/ant.jar" />
    <property name="libs.jakarta_slide_ant_webdav.javadoc" value="" />
    <property name="javadoc.windowtitle" value="" />
    <property name="libs.jsp-compilation.javadoc" value="" />
    <property name="user.dir" value="/net/home/f10/jespringer/java-docs/Rampagers NetBeans" />
    <property name="libs.javaee-api-7.0.src" value="" />
    <property name="libs.hibernate-persistence.javadoc" value="" />
    <property name="libs.JMUnit4CLDC10.javadoc" value="/opt/netbeans-7.3.1/mobility/modules/docs/jmunit-1.2.1-api.zip" />
    <property name="java.vm.version" value="24.0-b56" />
    <property name="libs.jstl11.maven-pom" value="" />
    <property name="libs.MySQLDriver.classpath" value="/opt/netbeans-7.3.1/ide/modules/ext/mysql-connector-java-5.1.23-bin.jar" />
    <property name="libs.eclipselinkmodelgen.src" value="" />
    <property name="libs.jstl11.src" value="" />
    <property name="javadoc.notree" value="false" />
    <property name="lib.dir" value="web/WEB-INF/lib" />
    <property name="netbeans.autoupdate.version" value="1.23" />
    <property name="libs.javaee-web-api-6.0.classpath" value="/opt/netbeans-7.3.1/enterprise/modules/ext/javaee-web-api-6.0.jar" />
    <property name="libs.hibernate-support.maven-pom" value="" />
    <property name="libs.hibernate-support.javadoc" value="" />
    <property name="jdk.home" value="/opt/java-jdk" />
    <property name="libs.javac-api.src" value="" />
    <property name="javadoc.noindex" value="false" />
    <property name="sun.os.patch.level" value="unknown" />
    <property name="do.tmp.war.package" value="true" />
    <property name="java.vm.specification.name" value="Java Virtual Machine Specification" />
    <property name="libs.semc-ant-utils.classpath" value="/opt/netbeans-7.3.1/mobility/modules/ext/org-netbeans-modules-j2me-cdc-project-semc.jar" />
    <property name="nb.show.statistics.ui" value="usageStatisticsEnabled" />
    <property name="libs.nokiadeployment.classpath" value="/opt/netbeans-7.3.1/mobility/modules/org-netbeans-modules-mobility-deployment-nokia.jar" />
    <property name="netbeans.autoupdate.variant" value="" />
    <property name="have.tests" value="true" />
    <property name="libs.nokiaS80-ant-utils.maven-pom" value="" />
    <property name="org.xml.sax.driver" value="com.sun.org.apache.xerces.internal.jaxp.SAXParserImpl$JAXPSAXParser" />
    <property name="j2ee.server.instance" value="tomcat60:home=/home/f10/jespringer/apache-tomcat-6.0.32" />
    <property name="libs.javac-api.javadoc" value="" />
    <property name="os.name" value="Linux" />
    <property name="libs.beans-binding.classpath" value="/opt/netbeans-7.3.1/java/modules/ext/beansbinding-1.2.1.jar" />
    <property name="libs.javaee-endorsed-api-7.0.maven-pom" value="" />
    <property name="org.whattf.datatype.lang-registry" value="jar:file:/opt/netbeans-7.3.1/ide/modules/ext/validator.jar!/nu/validator/localentities/files/www_iana_org_assignments_language_subtag_registry" />
    <property name="libs.restapi.javadoc" value="/opt/netbeans-7.3.1/enterprise/docs/jsr311-api-1.1.1-javadoc.zip" />
    <property name="libs.JWSAntTasks.maven-pom" value="" />
    <property name="libs.testng.src" value="" />
    <property name="libs.ojec-ant-utils.src" value="" />
    <property name="nu.validator.spec.alt-advice" value="jar:file:/opt/netbeans-7.3.1/ide/modules/ext/validator.jar!/nu/validator/localentities/files/wiki_whatwg_org_wiki_Validator_nu_alt_advice" />
    <property name="libs.spring-webmvc3.0.src" value="" />
    <property name="libs.restapi.classpath" value="/opt/netbeans-7.3.1/enterprise/modules/ext/rest/jsr311-api-1.1.1.jar" />
    <property name="runmain.jvmargs" value="" />
    <property name="java.vendor.url.bug" value="http://bugreport.sun.com/bugreport/" />
    <property name="libs.jaxb.maven-pom" value="" />
    <property name="os.arch" value="amd64" />
    <property name="libs.eclipselink.src" value="" />
    <property name="user.name" value="jespringer" />
    <property name="j2ee.compile.on.save" value="true" />
    <property name="libs.jsf12.javadoc" value="/opt/netbeans-7.3.1/enterprise/docs/javaee-doc-api.jar" />
    <property name="libs.spring-webmvc3.0.maven-pom" value="" />
    <property name="libs.swing-layout.maven-pom" value="" />
    <property name="sun.java.command" value="org.apache.tools.ant.taskdefs.optional.junit.JUnitTestRunner jespringer.RahalRampagers.SellerRatingTest filtertrace=true haltOnError=false haltOnFailure=false showoutput=true outputtoformatters=true logfailedtests=true logtestlistenerevents=true formatter=org.apache.tools.ant.taskdefs.optional.junit.BriefJUnitResultFormatter formatter=org.apache.tools.ant.taskdefs.optional.junit.XMLJUnitResultFormatter,/net/home/f10/jespringer/java-docs/Rampagers NetBeans/build/test/results/TEST-jespringer.RahalRampagers.SellerRatingTest.xml crashfile=/net/home/f10/jespringer/java-docs/Rampagers NetBeans/build/junitvmwatcher1870563856106772232.properties propsfile=/net/home/f10/jespringer/java-docs/Rampagers NetBeans/build/junit6270848419694160897.properties" />
    <property name="build.classes.dir" value="build/web/WEB-INF/classes" />
    <property name="netbeans.accept_license_class" value="org.netbeans.license.AcceptLicense" />
    <property name="libs.javaee-endorsed-api-7.0.javadoc" value="/opt/netbeans-7.3.1/enterprise/docs/javaee-doc-api.jar" />
    <property name="libs.jaxws21.javadoc" value="/opt/netbeans-7.3.1/java/docs/jaxws-api-doc.zip" />
    <property name="build.web.excludes" value="**/*.java,**/*.form" />
    <property name="includes" value="**" />
    <property name="libs.ojec-ant-utils.maven-pom" value="" />
    <property name="user.country" value="US" />
    <property name="libs.jstl11.javadoc" value="/opt/netbeans-7.3.1/enterprise/docs/javaee-doc-api.jar" />
    <property name="libs.JMUnit4CLDC11.src" value="" />
    <property name="javadoc.encoding" value="UTF-8" />
    <property name="javac.classpath" value="" />
    <property name="libs.jsp-compilation-syscp.src" value="" />
    <property name="do.debug.server" value="true" />
    <property name="debug-transport" value="dt_socket" />
    <property name="netbeans.system_http_non_proxy_hosts" value="" />
    <property name="netbeans.home" value="/opt/netbeans-7.3.1/platform" />
    <property name="build.compiler.emacs" value="true" />
    <property name="libs.javaee-web-api-6.0.src" value="" />
    <property name="libs.ejb3-persistence.src" value="" />
    <property name="libs.jsp-compilation-syscp.classpath" value="/opt/netbeans-7.3.1/java/ant/lib/ant.jar:/opt/netbeans-7.3.1/enterprise/modules/ext/servlet3.1-jsp2.3-api.jar:/opt/netbeans-7.3.1/enterprise/modules/ext/glassfish-jspparser-4.0.jar:/opt/netbeans-7.3.1/enterprise/modules/ext/standard.jar:/opt/netbeans-7.3.1/enterprise/modules/ext/jsf-2_2/javax.faces.jar" />
    <property name="libs.nokiaS80-ant-utils.src" value="" />
    <property name="libs.cdc-pp-awt-layout.javadoc" value="" />
    <property name="libs.j2me_ant_ext.classpath" value="/opt/netbeans-7.3.1/mobility/modules/org-netbeans-modules-mobility-antext.jar:/opt/netbeans-7.3.1/java/modules/org-netbeans-modules-classfile.jar" />
    <property name="java.endorsed.dirs" value="/opt/jdk-1.7-x86_64/jre/lib/endorsed" />
    <property name="libs.groovy-all.src" value="" />
    <property name="netbeans.dynamic.classpath" value="/opt/netbeans-7.3.1/platform/core/core.jar:/opt/netbeans-7.3.1/platform/core/org-openide-filesystems.jar:/opt/netbeans-7.3.1/platform/core/locale/org-openide-filesystems_pt_BR.jar:/opt/netbeans-7.3.1/platform/core/locale/core_ru.jar:/opt/netbeans-7.3.1/platform/core/locale/org-openide-filesystems_ru.jar:/opt/netbeans-7.3.1/platform/core/locale/core_zh_CN.jar:/opt/netbeans-7.3.1/platform/core/locale/org-openide-filesystems_ja.jar:/opt/netbeans-7.3.1/platform/core/locale/core_ja.jar:/opt/netbeans-7.3.1/platform/core/locale/org-openide-filesystems_zh_CN.jar:/opt/netbeans-7.3.1/platform/core/locale/core_pt_BR.jar:/opt/netbeans-7.3.1/nb/core/org-netbeans-upgrader.jar:/opt/netbeans-7.3.1/nb/core/locale/org-netbeans-upgrader_zh_CN.jar:/opt/netbeans-7.3.1/nb/core/locale/org-netbeans-upgrader_ja.jar:/opt/netbeans-7.3.1/nb/core/locale/org-netbeans-upgrader_pt_BR.jar:/opt/netbeans-7.3.1/nb/core/locale/org-netbeans-upgrader_ru.jar:/opt/netbeans-7.3.1/nb/core/locale/core_nb.jar" />
    <property name="libs.cdc-agui-swing-layout.maven-pom" value="" />
    <property name="libs.cdc-pp-awt-layout.src" value="/opt/netbeans-7.3.1/mobility/sources/cdc-pp-awt-layout-src.zip" />
    <property name="java.vm.specification.version" value="1.7" />
    <property name="libs.jakarta_slide_ant_webdav.src" value="" />
    <property name="libs.primefaces.classpath" value="/opt/netbeans-7.3.1/enterprise/modules/ext/primefaces/primefaces-3.5.jar" />
    <property name="libs.javaee-api-6.0.classpath" value="/opt/netbeans-7.3.1/enterprise/modules/ext/javaee-api-6.0.jar" />
    <property name="libs.sjmc-ant-utils.maven-pom" value="" />
    <property name="libs.groovy-all.maven-pom" value="" />
    <property name="libs.JMUnit4CLDC10.maven-pom" value="" />
    <property name="netbeans.productversion" value="NetBeans IDE 7.3.1 (Build 201306052037)" />
    <property name="libs.hibernate-persistence.classpath" value="/opt/netbeans-7.3.1/java/modules/ext/hibernate/antlr-2.7.6.jar:/opt/netbeans-7.3.1/java/modules/ext/hibernate/asm.jar:/opt/netbeans-7.3.1/java/modules/ext/hibernate/asm-attrs.jar:/opt/netbeans-7.3.1/java/modules/ext/hibernate/cglib-2.1.3.jar:/opt/netbeans-7.3.1/java/modules/ext/hibernate/commons-collections-2.1.1.jar:/opt/netbeans-7.3.1/ide/modules/org-apache-commons-logging.jar:/opt/netbeans-7.3.1/java/modules/ext/hibernate/dom4j-1.6.1.jar:/opt/netbeans-7.3.1/java/modules/ext/hibernate/ehcache-1.2.3.jar:/opt/netbeans-7.3.1/java/modules/ext/hibernate/jdbc2_0-stdext.jar:/opt/netbeans-7.3.1/java/modules/ext/hibernate/jta.jar:/opt/netbeans-7.3.1/java/modules/ext/hibernate/hibernate3.jar:/opt/netbeans-7.3.1/java/modules/ext/hibernate/hibernate-tools.jar:/opt/netbeans-7.3.1/java/modules/ext/hibernate/hibernate-annotations.jar:/opt/netbeans-7.3.1/java/modules/ext/hibernate/hibernate-commons-annotations.jar:/opt/netbeans-7.3.1/java/modules/ext/hibernate/hibernate-entitymanager.jar:/opt/netbeans-7.3.1/java/modules/ext/hibernate/javassist.jar:/opt/netbeans-7.3.1/java/modules/ext/hibernate/ejb3-persistence.jar" />
    <property name="libs.jaxws21.src" value="" />
    <property name="do.war.package.with.custom.manifest" value="true" />
    <property name="netbeans.autoupdate.language" value="en" />
    <property name="libs.jakarta_slide_ant_webdav.classpath" value="/opt/netbeans-7.3.1/mobility/modules/ext/commons-httpclient-3.0.1.jar:/opt/netbeans-7.3.1/ide/modules/org-apache-commons-logging.jar:/opt/netbeans-7.3.1/mobility/modules/ext/jdom-1.0.jar:/opt/netbeans-7.3.1/mobility/modules/ext/jakarta-slide-webdavlib-2.1.jar:/opt/netbeans-7.3.1/mobility/modules/ext/jakarta-slide-ant-webdav-2.1.jar" />
    <property name="java.vendor" value="Oracle Corporation" />
    <property name="libs.JMUnit4CLDC10.src" value="" />
    <property name="libs.javaee-api-6.0.javadoc" value="/opt/netbeans-7.3.1/enterprise/docs/javaee-doc-api.jar" />
    <property name="sun.font.fontmanager" value="sun.awt.X11FontManager" />
    <property name="javac.debug" value="true" />
    <property name="javadoc.splitindex" value="true" />
    <property name="file.separator" value="/" />
    <property name="libs.junit_4.maven-pom" value="" />
    <property name="resource.dir" value="setup" />
    <property name="javac.test.processorpath" value=":build/web/WEB-INF/classes:/opt/netbeans-7.3.1/platform/modules/ext/junit-4.10.jar" />
    <property name="netbeans.buildnumber" value="201306052037" />
    <property name="libs.JWSAntTasks.javadoc" value="" />
    <property name="build.generated.sources.dir" value="build/generated-sources" />
    <property name="libs.eclipselinkmodelgen.classpath" value="/opt/netbeans-7.3.1/java/modules/ext/eclipselink/org.eclipse.persistence.jpa.modelgen_2.5.0.v20130507-3faac2b.jar" />
    <property name="libs.javaee-endorsed-api-7.0.src" value="" />
    <property name="sun.java.launcher" value="SUN_STANDARD" />
    <property name="libs.junit.classpath" value="/opt/netbeans-7.3.1/java/modules/ext/junit-3.8.2.jar" />
    <property name="libs.jaxb.javadoc" value="/opt/netbeans-7.3.1/ide/docs/jaxb-api-doc.zip" />
    <property name="libs.struts.classpath" value="/opt/netbeans-7.3.1/enterprise/modules/ext/struts/antlr-2.7.2.jar:/opt/netbeans-7.3.1/enterprise/modules/ext/struts/bsf-2.3.0.jar:/opt/netbeans-7.3.1/enterprise/modules/ext/struts/commons-beanutils-1.8.0.jar:/opt/netbeans-7.3.1/enterprise/modules/ext/struts/commons-chain-1.2.jar:/opt/netbeans-7.3.1/enterprise/modules/ext/struts/commons-digester-1.8.jar:/opt/netbeans-7.3.1/enterprise/modules/ext/struts/commons-fileupload-1.1.1.jar:/opt/netbeans-7.3.1/enterprise/modules/ext/struts/commons-io-1.1.jar:/opt/netbeans-7.3.1/enterprise/modules/ext/struts/commons-logging-1.0.4.jar:/opt/netbeans-7.3.1/enterprise/modules/ext/struts/commons-validator-1.3.1.jar:/opt/netbeans-7.3.1/enterprise/modules/ext/struts/jstl-1.0.2.jar:/opt/netbeans-7.3.1/enterprise/modules/ext/struts/oro-2.0.8.jar:/opt/netbeans-7.3.1/enterprise/modules/ext/struts/standard-1.0.6.jar:/opt/netbeans-7.3.1/enterprise/modules/ext/struts/struts-core-1.3.10.jar:/opt/netbeans-7.3.1/enterprise/modules/ext/struts/struts-el-1.3.10.jar:/opt/netbeans-7.3.1/enterprise/modules/ext/struts/struts-extras-1.3.10.jar:/opt/netbeans-7.3.1/enterprise/modules/ext/struts/struts-faces-1.3.10.jar:/opt/netbeans-7.3.1/enterprise/modules/ext/struts/struts-mailreader-dao-1.3.10.jar:/opt/netbeans-7.3.1/enterprise/modules/ext/struts/struts-scripting-1.3.10.jar:/opt/netbeans-7.3.1/enterprise/modules/ext/struts/struts-taglib-1.3.10.jar:/opt/netbeans-7.3.1/enterprise/modules/ext/struts/struts-tiles-1.3.10.jar" />
    <property name="application.args.param" value="" />
    <property name="ant.home" value="/opt/netbeans-7.3.1/java/ant" />
    <property name="libs.junit_4.src" value="/opt/netbeans-7.3.1/java/docs/junit-4.10-sources.jar" />
    <property name="libs.testng.classpath" value="/opt/netbeans-7.3.1/platform/modules/ext/testng-6.5.1-dist.jar" />
    <property name="conf.dir" value="src/conf" />
    <property name="webinf.dir" value="web/WEB-INF" />
    <property name="libs.absolutelayout.maven-pom" value="" />
    <property name="ant.java.version" value="1.7" />
    <property name="java.library.path" value="/opt/java-jdk/jre/lib/amd64:/opt/java-jdk/jre/lib/i386:/opt/intel_open-mpi/lib:/opt/intel/composer_xe_2013.5.192/compiler/lib/intel64:/opt/intel/composer_xe_2013.5.192/mpirt/lib/intel64:/opt/intel/composer_xe_2013.5.192/ipp/../compiler/lib/intel64:/opt/intel/composer_xe_2013.5.192/ipp/lib/intel64:/opt/intel/composer_xe_2013.5.192/compiler/lib/intel64:/opt/intel/composer_xe_2013.5.192/mkl/lib/intel64:/opt/intel/composer_xe_2013.5.192/tbb/lib/intel64/gcc4.4::/usr/java/packages/lib/amd64:/usr/lib64:/lib64:/lib:/usr/lib" />
    <property name="javadoc.author" value="false" />
    <property name="libs.metro.maven-pom" value="" />
    <property name="java.util.logging.config.class" value="org.netbeans.core.startup.TopLogging" />
    <property name="libs.PostgreSQLDriver.src" value="" />
    <property name="sun.arch.data.model" value="64" />
    <property name="basedir" value="/net/home/f10/jespringer/java-docs/Rampagers NetBeans" />
    <property name="libs.jpa20-persistence.maven-pom" value="" />
    <property name="jar.compress" value="false" />
    <property name="libs.javaee-web-api-7.0.classpath" value="/opt/netbeans-7.3.1/enterprise/modules/ext/javaee-web-api-7.0.jar" />
    <property name="libs.jstl11.classpath" value="/opt/netbeans-7.3.1/enterprise/modules/ext/standard.jar:/opt/netbeans-7.3.1/enterprise/modules/ext/jstl.jar" />
    <property name="path.separator" value=":" />
    <property name="dist.war" value="dist/Rampagers.war" />
    <property name="libs.javaee-web-api-6.0.javadoc" value="/opt/netbeans-7.3.1/enterprise/docs/javaee-doc-api.jar" />
    <property name="ant.junit.enabletestlistenerevents" value="true" />
    <property name="sun.io.unicode.encoding" value="UnicodeLittle" />
    <property name="libs.semc-ant-utils.javadoc" value="" />
    <property name="libs.jaxws21.classpath" value="/opt/netbeans-7.3.1/ide/modules/ext/jaxb/jaxb-impl.jar:/opt/netbeans-7.3.1/ide/modules/ext/jaxb/jaxb-xjc.jar:/opt/netbeans-7.3.1/java/modules/ext/jaxws22/FastInfoset.jar:/opt/netbeans-7.3.1/java/modules/ext/jaxws22/gmbal-api-only.jar:/opt/netbeans-7.3.1/java/modules/ext/jaxws22/ha-api.jar:/opt/netbeans-7.3.1/java/modules/ext/jaxws22/javax.mail_1.4.jar:/opt/netbeans-7.3.1/java/modules/ext/jaxws22/jaxws-rt.jar:/opt/netbeans-7.3.1/java/modules/ext/jaxws22/jaxws-tools.jar:/opt/netbeans-7.3.1/java/modules/ext/jaxws22/management-api.jar:/opt/netbeans-7.3.1/java/modules/ext/jaxws22/mimepull.jar:/opt/netbeans-7.3.1/java/modules/ext/jaxws22/policy.jar:/opt/netbeans-7.3.1/java/modules/ext/jaxws22/saaj-impl.jar:/opt/netbeans-7.3.1/java/modules/ext/jaxws22/stax-ex.jar:/opt/netbeans-7.3.1/java/modules/ext/jaxws22/stax2-api.jar:/opt/netbeans-7.3.1/java/modules/ext/jaxws22/streambuffer.jar:/opt/netbeans-7.3.1/java/modules/ext/jaxws22/woodstox-core-asl.jar:/opt/netbeans-7.3.1/java/modules/ext/jaxws22/api/jaxws-api.jar:/opt/netbeans-7.3.1/java/modules/ext/jaxws22/api/jsr181-api.jar:/opt/netbeans-7.3.1/java/modules/ext/jaxws22/api/javax.annotation.jar:/opt/netbeans-7.3.1/java/modules/ext/jaxws22/api/saaj-api.jar:/opt/netbeans-7.3.1/ide/modules/ext/jaxb/activation.jar:/opt/netbeans-7.3.1/ide/modules/ext/jaxb/api/jaxb-api.jar:/opt/netbeans-7.3.1/ide/modules/ext/jaxb/api/jsr173_1.0_api.jar" />
    <property name="libs.struts.src" value="" />
    <property name="apple.awt.graphics.UseQuartz" value="true" />
    <property name="user.language" value="en" />
    <property name="j2ee.platform.classpath" value="/home/f10/jespringer/apache-tomcat-6.0.32/lib/annotations-api.jar:/home/f10/jespringer/apache-tomcat-6.0.32/lib/catalina-ant.jar:/home/f10/jespringer/apache-tomcat-6.0.32/lib/catalina-ha.jar:/home/f10/jespringer/apache-tomcat-6.0.32/lib/catalina-tribes.jar:/home/f10/jespringer/apache-tomcat-6.0.32/lib/catalina.jar:/home/f10/jespringer/apache-tomcat-6.0.32/lib/ecj-3.3.1.jar:/home/f10/jespringer/apache-tomcat-6.0.32/lib/el-api.jar:/home/f10/jespringer/apache-tomcat-6.0.32/lib/jasper-el.jar:/home/f10/jespringer/apache-tomcat-6.0.32/lib/jasper.jar:/home/f10/jespringer/apache-tomcat-6.0.32/lib/jsp-api.jar:/home/f10/jespringer/apache-tomcat-6.0.32/lib/servlet-api.jar:/home/f10/jespringer/apache-tomcat-6.0.32/lib/tomcat-coyote.jar:/home/f10/jespringer/apache-tomcat-6.0.32/lib/tomcat-dbcp.jar:/home/f10/jespringer/apache-tomcat-6.0.32/lib/tomcat-i18n-es.jar:/home/f10/jespringer/apache-tomcat-6.0.32/lib/tomcat-i18n-fr.jar:/home/f10/jespringer/apache-tomcat-6.0.32/lib/tomcat-i18n-ja.jar:/home/f10/jespringer/apache-tomcat-6.0.32/bin/tomcat-juli.jar" />
    <property name="testng.mode" value="testng" />
    <property name="libs.JAXB-ENDORSED.maven-pom" value="" />
    <property name="libs.spring-framework.classpath" value="/opt/netbeans-7.3.1/ide/modules/org-apache-commons-logging.jar:/opt/netbeans-7.3.1/java/modules/ext/cglib-2.2.jar:/opt/netbeans-7.3.1/java/modules/ext/spring/spring-2.5.6.SEC03.jar" />
    <property name="libs.eclipselink.maven-pom" value="" />
    <property name="build.meta.inf.dir" value="build/web/META-INF" />
    <property name="persistence.xml.dir" value="src/conf" />
    <property name="org.whattf.datatype.charset-registry" value="jar:file:/opt/netbeans-7.3.1/ide/modules/ext/validator.jar!/nu/validator/localentities/files/www_iana_org_assignments_character_sets" />
    <property name="test.binaryincludes" value="&lt;nothing&gt;" />
    <property name="libs.primefaces.javadoc" value="" />
    <property name="libs.spring-framework300.maven-pom" value="" />
    <property name="run.test.classpath" value=":build/web/WEB-INF/classes:/opt/netbeans-7.3.1/platform/modules/ext/junit-4.10.jar:build/test/classes" />
    <property name="ant.project.invoked-targets" value="test" />
    <property name="test.binaryexcludes" value="" />
    <property name="libs.swing-layout.javadoc" value="/opt/netbeans-7.3.1/platform/docs/swing-layout-1.0.4-doc.zip" />
    <property name="sun.java2d.dpiaware" value="true" />
    <property name="libs.ejb3-persistence.maven-pom" value="" />
    <property name="jspc.schemas" value="/resources/schemas/" />
    <property name="libs.PostgreSQLDriver.maven-pom" value="" />
    <property name="java.class.version" value="51.0" />
    <property name="libs.javaee-endorsed-api-6.0.src" value="" />
    <property name="libs.cdc-ant-utils.classpath" value="/opt/netbeans-7.3.1/mobility/modules/ext/org-netbeans-modules-j2me-cdc-project.jar" />
    <property name="netbeans.system_http_proxy" value="DIRECT" />
    <property name="libs.eclipselink.javadoc" value="" />
    <property name="libs.jsp-compilation.maven-pom" value="" />
    <property name="user.properties.file" value="/home/f10/jespringer/.netbeans/7.3.1/build.properties" />
    <property name="build.web.dir" value="build/web" />
    <property name="libs.spring-framework.src" value="" />
    <property name="libs.javac-api.maven-pom" value="" />
    <property name="file.encoding.pkg" value="sun.io" />
    <property name="sun.cpu.endian" value="little" />
    <property name="libs.JAXB-ENDORSED.javadoc" value="" />
    <property name="j2ee.server.middleware" value="C:/Program Files/glassfish-3.1.2.2" />
    <property name="libs.JWSAntTasks.classpath" value="/opt/netbeans-7.3.1/java/ant/extra/org-netbeans-modules-javawebstart-anttasks.jar" />
    <property name="libs.spring-framework300.src" value="" />
    <property name="libs.ant-contrib.classpath" value="/opt/netbeans-7.3.1/mobility/modules/ext/ant-contrib-1.0b3.jar" />
    <property name="empty.dir" value="/net/home/f10/jespringer/java-docs/Rampagers NetBeans/build/empty" />
    <property name="display.browser" value="true" />
    <property name="version-output" value="java version &quot;1.7" />
    <property name="test.binarytestincludes" value="" />
    <property name="javadoc.preview" value="true" />
    <property name="libs.jpa20-persistence.javadoc" value="" />
    <property name="java.home" value="/opt/jdk-1.7-x86_64/jre" />
    <property name="libs.ojec-ant-utils.javadoc" value="" />
    <property name="libs.jsp-compilation.src" value="" />
    <property name="libs.spring-webmvc.src" value="" />
    <property name="libs.ant-contrib.javadoc" value="" />
    <property name="debug.test.classpath" value=":build/web/WEB-INF/classes:/opt/netbeans-7.3.1/platform/modules/ext/junit-4.10.jar:build/test/classes" />
    <property name="libs.javaee-endorsed-api-6.0.classpath" value="/opt/netbeans-7.3.1/enterprise/modules/ext/javaee6-endorsed/javax.annotation.jar:/opt/netbeans-7.3.1/enterprise/modules/ext/javaee6-endorsed/jaxb-api-osgi.jar:/opt/netbeans-7.3.1/enterprise/modules/ext/javaee6-endorsed/webservices-api-osgi.jar" />
    <property name="libs.javaee-api-6.0.src" value="" />
    <property name="ant.file.Rampagers-impl" value="/net/home/f10/jespringer/java-docs/Rampagers NetBeans/nbproject/build-impl.xml" />
    <property name="netbeans.importclass" value="org.netbeans.upgrade.AutoUpgrade" />
    <property name="ant.project.default-target" value="default" />
    <property name="annotation.processing.run.all.processors" value="true" />
    <property name="libs.savaje-ant-utils.classpath" value="/opt/netbeans-7.3.1/mobility/modules/ext/org-netbeans-modules-j2me-cdc-project-savaje.jar" />
    <property name="libs.PostgreSQLDriver.javadoc" value="" />
    <property name="libs.restlib.classpath" value="/opt/netbeans-7.3.1/enterprise/modules/ext/rest/asm-3.1.jar:/opt/netbeans-7.3.1/enterprise/modules/ext/rest/jackson-core-asl-1.9.2.jar:/opt/netbeans-7.3.1/enterprise/modules/ext/rest/jackson-jaxrs-1.9.2.jar:/opt/netbeans-7.3.1/enterprise/modules/ext/rest/jackson-mapper-asl-1.9.2.jar:/opt/netbeans-7.3.1/enterprise/modules/ext/rest/jackson-xc-1.9.2.jar:/opt/netbeans-7.3.1/enterprise/modules/ext/rest/jersey-apache-client-1.13.jar:/opt/netbeans-7.3.1/enterprise/modules/ext/rest/jersey-atom-abdera-1.13.jar:/opt/netbeans-7.3.1/enterprise/modules/ext/rest/jersey-client-1.13.jar:/opt/netbeans-7.3.1/enterprise/modules/ext/rest/jersey-core-1.13.jar:/opt/netbeans-7.3.1/enterprise/modules/ext/rest/jersey-guice-1.13.jar:/opt/netbeans-7.3.1/enterprise/modules/ext/rest/jersey-json-1.13.jar:/opt/netbeans-7.3.1/enterprise/modules/ext/rest/jersey-multipart-1.13.jar:/opt/netbeans-7.3.1/enterprise/modules/ext/rest/jersey-server-1.13.jar:/opt/netbeans-7.3.1/enterprise/modules/ext/rest/jersey-servlet-1.13.jar:/opt/netbeans-7.3.1/enterprise/modules/ext/rest/jersey-simple-server-1.13.jar:/opt/netbeans-7.3.1/enterprise/modules/ext/rest/jersey-spring-1.13.jar:/opt/netbeans-7.3.1/enterprise/modules/ext/rest/jettison-1.1.jar:/opt/netbeans-7.3.1/enterprise/modules/ext/rest/oauth-client-1.13.jar:/opt/netbeans-7.3.1/enterprise/modules/ext/rest/oauth-server-1.13.jar:/opt/netbeans-7.3.1/enterprise/modules/ext/rest/oauth-signature-1.13.jar:/opt/netbeans-7.3.1/ide/modules/ext/jaxb/activation.jar:/opt/netbeans-7.3.1/ide/modules/ext/jaxb/api/jaxb-api.jar:/opt/netbeans-7.3.1/ide/modules/ext/jaxb/api/jsr173_1.0_api.jar" />
    <property name="libs.JMUnit4CLDC11.javadoc" value="/opt/netbeans-7.3.1/mobility/modules/docs/jmunit-1.2.1-api.zip" />
    <property name="libs.MySQLDriver.maven-pom" value="" />
    <property name="libs.savaje-ant-utils.src" value="" />
    <property name="libs.junit_4.javadoc" value="/opt/netbeans-7.3.1/java/docs/junit-4.10-javadoc.jar" />
    <property name="libs.spring-webmvc.javadoc" value="" />
    <property name="libs.javaee-web-api-6.0.maven-pom" value="" />
    <property name="libs.cdc-pp-awt-layout.classpath" value="/opt/netbeans-7.3.1/mobility/modules/ext/cdc-pp-awt-layout.jar" />
    <property name="j2ee.deploy.on.save" value="true" />
    <property name="libs.cdc-agui-swing-layout.src" value="/opt/netbeans-7.3.1/mobility/sources/cdc-agui-swing-layout-src.zip" />
    <property name="libs.hibernate-support.src" value="" />
    <property name="jna.boot.library.name" value="jnidispatch-340" />
    <property name="libs.javaee-endorsed-api-6.0.javadoc" value="/opt/netbeans-7.3.1/enterprise/docs/javaee-doc-api.jar" />
    <property name="libs.javaee-api-7.0.classpath" value="/opt/netbeans-7.3.1/enterprise/modules/ext/javaee-api-7.0.jar" />
    <property name="libs.JMUnit4CLDC11.classpath" value="/opt/netbeans-7.3.1/mobility/modules/ext/jmunit4cldc11-1.2.1.jar" />
    <property name="sun.awt.datatransfer.timeout" value="1000" />
    <property name="libs.spring-webmvc3.0.javadoc" value="" />
    <property name="annotation.processing.enabled.in.editor" value="true" />
    <property name="libs.semc-ant-utils.maven-pom" value="" />
    <property name="nb.native.filechooser" value="false" />
    <property name="libs.nokiadeployment.maven-pom" value="" />
    <property name="libs.restapi.src" value="" />
    <property name="sun.management.compiler" value="HotSpot 64-Bit Tiered Compilers" />
    <property name="javac.deprecation" value="false" />
    <property name="javadoc.use" value="true" />
    <property name="client.urlPart" value="" />
    <property name="sun.java2d.noddraw" value="true" />
    <property name="libs.jsp-compiler.classpath" value="/opt/netbeans-7.3.1/enterprise/ant/extra/jspcompile.jar" />
    <property name="dist.ear.war" value="dist/Rampagers.war" />
    <property name="javac.processorpath" value="" />
    <property name="libs.spring-webmvc.classpath" value="/opt/netbeans-7.3.1/enterprise/modules/ext/spring/spring-webmvc-2.5.6.SEC03.jar" />
    <property name="javac.compilerargs" value="" />
    <property name="ant.file" value="/net/home/f10/jespringer/java-docs/Rampagers NetBeans/build.xml" />
    <property name="libs.beans-binding.maven-pom" value="" />
    <property name="libs.jsf12.classpath" value="/opt/netbeans-7.3.1/enterprise/modules/ext/jsf-1_2/commons-beanutils.jar:/opt/netbeans-7.3.1/enterprise/modules/ext/jsf-1_2/commons-collections.jar:/opt/netbeans-7.3.1/enterprise/modules/ext/jsf-1_2/commons-digester.jar:/opt/netbeans-7.3.1/enterprise/modules/ext/jsf-1_2/commons-logging.jar:/opt/netbeans-7.3.1/enterprise/modules/ext/jsf-1_2/jsf-api.jar:/opt/netbeans-7.3.1/enterprise/modules/ext/jsf-1_2/jsf-impl.jar" />
    <property name="has.custom.manifest" value="true" />
    <property name="libs.restapi.maven-pom" value="" />
    <property name="libs.beans-binding.src" value="" />
    <property name="java.vm.specification.vendor" value="Oracle Corporation" />
    <property name="libs.swing-layout.src" value="/opt/netbeans-7.3.1/platform/docs/swing-layout-1.0.4-src.zip" />
    <property name="libs.j2me_ant_ext.src" value="" />
    <property name="org.openide.major.version" value="IDE/1" />
    <property name="java.vm.name" value="Java HotSpot(TM) 64-Bit Server VM" />
    <property name="do.display.browser.debug" value="true" />
    <property name="netbeans.user" value="/home/f10/jespringer/.netbeans/7.3.1" />
    <property name="javadoc.additionalparam" value="" />
    <property name="java.io.tmpdir" value="/tmp" />
    <property name="java.vendor.url" value="http://java.oracle.com/" />
    <property name="endorsed.classpath.cmd.line.arg" value="" />
    <property name="junit.available" value="true" />
    <property name="compile.jsps" value="false" />
    <property name="libs.jsp-compiler.src" value="" />
    <property name="deploy.ant.properties.file" value="/home/f10/jespringer/.netbeans/7.3.1/tomcat60.properties" />
    <property name="sun.boot.library.path" value="/opt/jdk-1.7-x86_64/jre/lib/amd64" />
    <property name="have.sources" value="true" />
    <property name="debug.classpath" value="build/web/WEB-INF/classes:" />
    <property name="war.name" value="Rampagers.war" />
    <property name="javadoc.private" value="false" />
    <property name="test.src.dir" value="test" />
    <property name="libs.jsf20.classpath" value="/opt/netbeans-7.3.1/enterprise/modules/ext/jsf-2_2/javax.faces.jar" />
    <property name="javadoc.encoding.used" value="UTF-8" />
    <property name="java.runtime.name" value="Java(TM) SE Runtime Environment" />
    <property name="ant.project.name" value="Rampagers" />
    <property name="netbeans.hash.code" value="unique=NB_CND_GFMOD_GROOVY_JAVA_MOB_PHP_TOMCAT_WEBCOMMON_WEBEE093ecb32b-6e96-48ae-ac59-1cfcd70e59f3_045d8bd3-5e6c-404f-a73c-f92d4a9d32cc" />
    <property name="netbeans.default_userdir_root" value="/home/f10/jespringer/.netbeans" />
    <property name="libs.jsp-compilation-syscp.maven-pom" value="" />
    <property name="libs.j2me_ant_ext.maven-pom" value="" />
    <property name="sun.cpu.isalist" value="" />
    <property name="libs.CopyLibs.javadoc" value="" />
    <property name="j2ee.server.domain" value="C:/Users/Justin/AppData/Roaming/NetBeans/7.2.1/config/GF3/domain1" />
    <property name="org.openide.specification.version" value="6.2" />
    <property name="j2ee.server.home" value="/home/f10/jespringer/apache-tomcat-6.0.32" />
    <property name="libs.hibernate-support.classpath" value="/opt/netbeans-7.3.1/java/modules/ext/hibernate/antlr-2.7.6.jar:/opt/netbeans-7.3.1/java/modules/ext/hibernate/asm.jar:/opt/netbeans-7.3.1/java/modules/ext/hibernate/asm-attrs.jar:/opt/netbeans-7.3.1/java/modules/ext/hibernate/cglib-2.1.3.jar:/opt/netbeans-7.3.1/java/modules/ext/hibernate/commons-collections-2.1.1.jar:/opt/netbeans-7.3.1/ide/modules/org-apache-commons-logging.jar:/opt/netbeans-7.3.1/java/modules/ext/hibernate/dom4j-1.6.1.jar:/opt/netbeans-7.3.1/java/modules/ext/hibernate/ehcache-1.2.3.jar:/opt/netbeans-7.3.1/java/modules/ext/hibernate/jdbc2_0-stdext.jar:/opt/netbeans-7.3.1/java/modules/ext/hibernate/jta.jar:/opt/netbeans-7.3.1/java/modules/ext/hibernate/hibernate3.jar:/opt/netbeans-7.3.1/java/modules/ext/hibernate/hibernate-tools.jar:/opt/netbeans-7.3.1/java/modules/ext/hibernate/hibernate-annotations.jar:/opt/netbeans-7.3.1/java/modules/ext/hibernate/hibernate-commons-annotations.jar:/opt/netbeans-7.3.1/java/modules/ext/hibernate/hibernate-entitymanager.jar:/opt/netbeans-7.3.1/java/modules/ext/hibernate/javassist.jar" />
    <property name="user.home" value="/home/f10/jespringer" />
    <property name="annotation.processing.processors.list" value="" />
    <property name="debug-args-line" value="-Xdebug" />
    <property name="libs.primefaces.maven-pom" value="" />
    <property name="libs.javaee-api-6.0.maven-pom" value="" />
    <property name="libs.JWSAntTasks.src" value="" />
    <property name="libs.CopyLibs.maven-pom" value="" />
    <property name="libs.spring-framework300.javadoc" value="" />
    <property name="libs.absolutelayout.javadoc" value="" />
    <property name="libs.hibernate-persistence.maven-pom" value="" />
    <property name="java.specification.name" value="Java Platform API Specification" />
    <property name="guice.disable.misplaced.annotation.check" value="true" />
    <property name="nu.validator.spec.microsyntax-descriptions" value="jar:file:/opt/netbeans-7.3.1/ide/modules/ext/validator.jar!/nu/validator/localentities/files/wiki_whatwg_org_wiki_MicrosyntaxDescriptions" />
    <property name="no.dist.ear.dir" value="true" />
    <property name="libs.jakarta_slide_ant_webdav.maven-pom" value="" />
    <property name="libs.sjmc-ant-utils.src" value="" />
    <property name="java.specification.vendor" value="Oracle Corporation" />
    <property name="libs.cdc-agui-swing-layout.javadoc" value="" />
    <property name="libs.javac-api.classpath" value="/opt/netbeans-7.3.1/java/modules/ext/nb-javac-api.jar" />
    <property name="libs.nokiaS80-ant-utils.classpath" value="/opt/netbeans-7.3.1/mobility/modules/ext/org-netbeans-modules-j2me-cdc-project-nokiaS80.jar" />
    <property name="java.version" value="1.7.0_40" />
    <property name="javadoc.version" value="false" />
    <property name="run.jvmargs.ide" value="" />
    <property name="libs.MySQLDriver.javadoc" value="" />
    <property name="org.openide.version" value="deprecated" />
    <property name="source.encoding" value="UTF-8" />
    <property name="ap.cmd.line.internal" value="" />
    <property name="libs.eclipselinkmodelgen.maven-pom" value="" />
    <property name="libs.jsp-compilation-syscp.javadoc" value="" />
    <property name="libs.junit.maven-pom" value="" />
    <property name="libs.eclipselinkmodelgen.javadoc" value="" />
    <property name="libs.javaee-endorsed-api-7.0.classpath" value="/opt/netbeans-7.3.1/enterprise/modules/ext/javaee7-endorsed/javax.annotation-api.jar:/opt/netbeans-7.3.1/enterprise/modules/ext/javaee7-endorsed/javax.xml.soap-api.jar:/opt/netbeans-7.3.1/enterprise/modules/ext/javaee7-endorsed/jaxb-api-osgi.jar:/opt/netbeans-7.3.1/enterprise/modules/ext/javaee7-endorsed/jaxws-api.jar:/opt/netbeans-7.3.1/enterprise/modules/ext/javaee7-endorsed/jsr181-api.jar" />
    <property name="libs.metro.javadoc" value="/opt/netbeans-7.3.1/enterprise/docs/metro-1.4-doc.zip" />
    <property name="libs.struts.maven-pom" value="" />
    <property name="netbeans.home+have.tests" value="true" />
    <property name="libs.testng.maven-pom" value="" />
    <property name="libs.jaxb.src" value="" />
    <property name="libs.cdc-ant-utils.src" value="" />
    <property name="libs.jaxb.classpath" value="/opt/netbeans-7.3.1/ide/modules/ext/jaxb/jaxb-impl.jar:/opt/netbeans-7.3.1/ide/modules/ext/jaxb/jaxb-xjc.jar:/opt/netbeans-7.3.1/ide/modules/ext/jaxb/jaxb1-impl.jar:/opt/netbeans-7.3.1/ide/modules/ext/jaxb/activation.jar:/opt/netbeans-7.3.1/ide/modules/ext/jaxb/api/jaxb-api.jar:/opt/netbeans-7.3.1/ide/modules/ext/jaxb/api/jsr173_1.0_api.jar" />
    <property name="ant.file.Rampagers" value="/net/home/f10/jespringer/java-docs/Rampagers NetBeans/build.xml" />
    <property name="dist.javadoc.dir" value="dist/javadoc" />
    <property name="libs.spring-webmvc3.0.classpath" value="/opt/netbeans-7.3.1/java/modules/ext/spring-3.0/spring-webmvc-3.1.1.RELEASE.jar" />
    <property name="libs.swing-layout.classpath" value="/opt/netbeans-7.3.1/platform/modules/ext/swing-layout-1.0.4.jar" />
    <property name="jspc.dtds" value="/resources/dtds/" />
    <property name="libs.javaee-web-api-7.0.maven-pom" value="" />
    <property name="libs.restlib.src" value="" />
    <property name="javac.source" value="1.5" />
    <property name="build.generated.dir" value="build/generated" />
    <property name="line.separator" value="&#xa;" />
    <property name="libs.hibernate-persistence.src" value="" />
    <property name="java.specification.version" value="1.7" />
    <property name="java.vm.info" value="mixed mode" />
    <property name="libs.jaxws21.maven-pom" value="" />
    <property name="libs.cdc-ant-utils.javadoc" value="" />
    <property name="nb.junit.batch" value="true" />
    <property name="libs.ojec-ant-utils.classpath" value="/opt/netbeans-7.3.1/mobility/modules/ext/org-netbeans-modules-j2me-cdc-project-ojec.jar" />
    <property name="libs.spring-framework.maven-pom" value="" />
    <property name="sun.boot.class.path" value="/opt/jdk-1.7-x86_64/jre/lib/resources.jar:/opt/jdk-1.7-x86_64/jre/lib/rt.jar:/opt/jdk-1.7-x86_64/jre/lib/sunrsasign.jar:/opt/jdk-1.7-x86_64/jre/lib/jsse.jar:/opt/jdk-1.7-x86_64/jre/lib/jce.jar:/opt/jdk-1.7-x86_64/jre/lib/charsets.jar:/opt/jdk-1.7-x86_64/jre/lib/jfr.jar:/opt/jdk-1.7-x86_64/jre/classes" />
    <property name="javac.target" value="1.5" />
    <property name="build.test.classes.dir" value="build/test/classes" />
    <property name="src.dir" value="src/java" />
    <property name="annotation.processing.enabled" value="true" />
    <property name="libs.jsf20.src" value="" />
    <property name="libs.jpa20-persistence.src" value="" />
    <property name="libs.jsf12.src" value="" />
    <property name="libs.nokiadeployment.src" value="" />
    <property name="j2ee.platform" value="1.5" />
    <property name="libs.savaje-ant-utils.javadoc" value="" />
    <property name="libs.struts.javadoc" value="/opt/netbeans-7.3.1/enterprise/docs/struts-1.3.10-javadoc.zip" />
    <property name="ignore.failing.tests" value="true" />
    <property name="libs.cdc-ant-utils.maven-pom" value="" />
    <property name="libs.javaee-web-api-7.0.src" value="" />
    <property name="web.docbase.dir" value="web" />
    <property name="libs.primefaces.src" value="" />
    <property name="libs.cdc-agui-swing-layout.classpath" value="/opt/netbeans-7.3.1/mobility/modules/ext/cdc-agui-swing-layout.jar" />
    <property name="dist.dir" value="dist" />
    <property name="libs.groovy-all.javadoc" value="" />
    <property name="securerandom.source" value="file:/dev/./urandom" />
    <property name="testng.debug.mode" value="" />
    <property name="libs.groovy-all.classpath" value="/opt/netbeans-7.3.1/groovy/modules/ext/groovy-all.jar" />
    <property name="javac.fork" value="false" />
    <property name="libs.sjmc-ant-utils.classpath" value="/opt/netbeans-7.3.1/mobility/modules/ext/org-netbeans-modules-j2me-cdc-project-sjmc.jar" />
    <property name="libs.JMUnit4CLDC10.classpath" value="/opt/netbeans-7.3.1/mobility/modules/ext/jmunit4cldc10-1.2.1.jar" />
    <property name="java.awt.printerjob" value="sun.print.PSPrinterJob" />
    <property name="default.javac.source" value="1.7" />
    <property name="debug-transport-by-os" value="dt_socket" />
    <property name="sun.jnu.encoding" value="UTF-8" />
    <property name="libs.MySQLDriver.src" value="" />
    <property name="libs.ant-contrib.maven-pom" value="" />
    <property name="libs.nokiadeployment.javadoc" value="" />
    <property name="build.test.results.dir" value="build/test/results" />
    <property name="java.runtime.version" value="1.7.0_40-b43" />
    <property name="libs.ejb3-persistence.javadoc" value="" />
    <property name="jna.platform.library.path" value="/usr/lib64:/lib64:/usr/lib:/lib" />
    <property name="libs.sjmc-ant-utils.javadoc" value="" />
    <property name="do.tmp.war.package.with.custom.manifest" value="true" />
    <property name="default.javac.target" value="1.7" />
    <property name="libs.junit_4.classpath" value="/opt/netbeans-7.3.1/platform/modules/ext/junit-4.10.jar" />
    <property name="user.timezone" value="" />
    <property name="ant.file.type.Rampagers-impl" value="file" />
    <property name="nb.junit.single" value="false" />
    <property name="libs.ant-contrib.src" value="" />
    <property name="libs.javaee-endorsed-api-6.0.maven-pom" value="" />
    <property name="netbeans.dirs" value="/opt/netbeans-7.3.1/nb:/opt/netbeans-7.3.1/ergonomics:/opt/netbeans-7.3.1/ide:/opt/netbeans-7.3.1/java:/opt/netbeans-7.3.1/apisupport:/opt/netbeans-7.3.1/webcommon:/opt/netbeans-7.3.1/websvccommon:/opt/netbeans-7.3.1/enterprise:/opt/netbeans-7.3.1/mobility:/opt/netbeans-7.3.1/profiler:/opt/netbeans-7.3.1/python:/opt/netbeans-7.3.1/php:/opt/netbeans-7.3.1/identity:/opt/netbeans-7.3.1/harness:/opt/netbeans-7.3.1/cnd:/opt/netbeans-7.3.1/dlight:/opt/netbeans-7.3.1/groovy:/opt/netbeans-7.3.1/extra:/opt/netbeans-7.3.1/javacard:/opt/netbeans-7.3.1/javafx:" />
    <property name="libs.jsf20.javadoc" value="/opt/netbeans-7.3.1/enterprise/docs/javaee-doc-api.jar" />
    <property name="java.ext.dirs" value="/opt/jdk-1.7-x86_64/jre/lib/ext:/usr/java/packages/lib/ext" />
    <property name="libs.metro.src" value="" />
    <property name="libs.savaje-ant-utils.maven-pom" value="" />
    <property name="endorsed.classpath" value="" />
    <property name="libs.semc-ant-utils.src" value="" />
    <property name="libs.absolutelayout.classpath" value="/opt/netbeans-7.3.1/java/modules/ext/AbsoluteLayout.jar" />
    <property name="excludes" value="" />
    <property name="libs.restlib.maven-pom" value="" />
    <property name="libs.metro.classpath" value="/opt/netbeans-7.3.1/ide/modules/ext/jaxb/activation.jar:/opt/netbeans-7.3.1/enterprise/modules/ext/metro/webservices-api.jar:/opt/netbeans-7.3.1/enterprise/modules/ext/metro/webservices-extra-api.jar:/opt/netbeans-7.3.1/enterprise/modules/ext/metro/webservices-extra.jar:/opt/netbeans-7.3.1/enterprise/modules/ext/metro/webservices-rt.jar:/opt/netbeans-7.3.1/enterprise/modules/ext/metro/webservices-tools.jar" />
    <property name="apple.laf.useScreenMenuBar" value="true" />
    <property name="java.class.path" value="/net/home/f10/jespringer/java-docs/Rampagers NetBeans/build/web/WEB-INF/classes:/opt/netbeans-7.3.1/platform/modules/ext/junit-4.10.jar:/net/home/f10/jespringer/java-docs/Rampagers NetBeans/build/test/classes:/home/f10/jespringer/apache-tomcat-6.0.32/lib/annotations-api.jar:/home/f10/jespringer/apache-tomcat-6.0.32/lib/catalina-ant.jar:/home/f10/jespringer/apache-tomcat-6.0.32/lib/catalina-ha.jar:/home/f10/jespringer/apache-tomcat-6.0.32/lib/catalina-tribes.jar:/home/f10/jespringer/apache-tomcat-6.0.32/lib/catalina.jar:/home/f10/jespringer/apache-tomcat-6.0.32/lib/ecj-3.3.1.jar:/home/f10/jespringer/apache-tomcat-6.0.32/lib/el-api.jar:/home/f10/jespringer/apache-tomcat-6.0.32/lib/jasper-el.jar:/home/f10/jespringer/apache-tomcat-6.0.32/lib/jasper.jar:/home/f10/jespringer/apache-tomcat-6.0.32/lib/jsp-api.jar:/home/f10/jespringer/apache-tomcat-6.0.32/lib/servlet-api.jar:/home/f10/jespringer/apache-tomcat-6.0.32/lib/tomcat-coyote.jar:/home/f10/jespringer/apache-tomcat-6.0.32/lib/tomcat-dbcp.jar:/home/f10/jespringer/apache-tomcat-6.0.32/lib/tomcat-i18n-es.jar:/home/f10/jespringer/apache-tomcat-6.0.32/lib/tomcat-i18n-fr.jar:/home/f10/jespringer/apache-tomcat-6.0.32/lib/tomcat-i18n-ja.jar:/home/f10/jespringer/apache-tomcat-6.0.32/bin/tomcat-juli.jar:/home/f10/jespringer/JavaPackages:/usr/people/classes/Java:/usr/share/java/junit.jar:/usr/people/classes/Java/objectdraw/objectdraw.jar:/net/home/f10/jespringer/java-docs/Rampagers NetBeans:/opt/netbeans-7.3.1/java/ant/lib/ant-launcher.jar:/opt/netbeans-7.3.1/java/ant/lib/ant.jar:/opt/netbeans-7.3.1/java/ant/lib/ant-junit.jar:/opt/netbeans-7.3.1/java/ant/lib/ant-junit4.jar" />
    <property name="libs.absolutelayout.src" value="" />
    <property name="libs.jpa20-persistence.classpath" value="/opt/netbeans-7.3.1/java/modules/ext/eclipselink/javax.persistence_2.1.0.v201304241213.jar" />
    <property name="libs.cdc-pp-awt-layout.maven-pom" value="" />
    <property name="j2ee.server.type" value="Tomcat" />
    <property name="os.version" value="2.6.32-358.18.1.el6.x86_64" />
    <property name="libs.javaee-api-7.0.maven-pom" value="" />
    <property name="sun.awt.enableExtraMouseButtons" value="true" />
    <property name="libs.JMUnit4CLDC11.maven-pom" value="" />
    <property name="sun.desktop" value="gnome" />
    <property name="ant.file.type.Rampagers" value="file" />
    <property name="libs.restlib.javadoc" value="/opt/netbeans-7.3.1/enterprise/docs/jersey-1.13-javadoc.zip:/opt/netbeans-7.3.1/enterprise/docs/jersey-apache-client-1.13-javadoc.zip:/opt/netbeans-7.3.1/enterprise/docs/jersey-atom-abdera-1.13-javadoc.zip:/opt/netbeans-7.3.1/enterprise/docs/jersey-guice-1.13-javadoc.zip:/opt/netbeans-7.3.1/enterprise/docs/jersey-multipart-1.13-javadoc.zip:/opt/netbeans-7.3.1/enterprise/docs/jersey-simple-server-1.13-javadoc.zip:/opt/netbeans-7.3.1/enterprise/docs/jersey-spring-1.13-javadoc.zip:/opt/netbeans-7.3.1/enterprise/docs/oauth-client-1.13-javadoc.zip:/opt/netbeans-7.3.1/enterprise/docs/oauth-server-1.13-javadoc.zip:/opt/netbeans-7.3.1/enterprise/docs/oauth-signature-1.13-javadoc.zip" />
    <property name="war.content.additional" value="" />
    <property name="libs.JAXB-ENDORSED.classpath" value="/opt/netbeans-7.3.1/ide/modules/ext/jaxb/api/jaxb-api.jar" />
    <property name="j2ee.platform.embeddableejb.classpath" value="" />
    <property name="forceRedeploy" value="false" />
    <property name="libs.javaee-api-7.0.javadoc" value="/opt/netbeans-7.3.1/enterprise/docs/javaee-doc-api.jar" />
    <property name="libs.eclipselink.classpath" value="/opt/netbeans-7.3.1/java/modules/ext/eclipselink/eclipselink.jar:/opt/netbeans-7.3.1/java/modules/ext/eclipselink/javax.persistence_2.1.0.v201304241213.jar:/opt/netbeans-7.3.1/java/modules/ext/eclipselink/org.eclipse.persistence.jpa.jpql_2.5.0.v20130507-3faac2b.jar" />
    <property name="java.awt.graphicsenv" value="sun.awt.X11GraphicsEnvironment" />
    <property name="libs.beans-binding.javadoc" value="/opt/netbeans-7.3.1/java/docs/beansbinding-1.2.1-doc.zip" />
    <property name="java.vm.vendor" value="Oracle Corporation" />
    <property name="libs.CopyLibs.classpath" value="/opt/netbeans-7.3.1/java/ant/extra/org-netbeans-modules-java-j2seproject-copylibstask.jar" />
    <property name="libs.spring-framework300.classpath" value="/opt/netbeans-7.3.1/ide/modules/org-apache-commons-logging.jar:/opt/netbeans-7.3.1/java/modules/ext/cglib-2.2.jar:/opt/netbeans-7.3.1/java/modules/ext/spring-3.0/spring-aop-3.1.1.RELEASE.jar:/opt/netbeans-7.3.1/java/modules/ext/spring-3.0/spring-asm-3.1.1.RELEASE.jar:/opt/netbeans-7.3.1/java/modules/ext/spring-3.0/spring-aspects-3.1.1.RELEASE.jar:/opt/netbeans-7.3.1/java/modules/ext/spring-3.0/spring-beans-3.1.1.RELEASE.jar:/opt/netbeans-7.3.1/java/modules/ext/spring-3.0/spring-context-3.1.1.RELEASE.jar:/opt/netbeans-7.3.1/java/modules/ext/spring-3.0/spring-context-support-3.1.1.RELEASE.jar:/opt/netbeans-7.3.1/java/modules/ext/spring-3.0/spring-core-3.1.1.RELEASE.jar:/opt/netbeans-7.3.1/java/modules/ext/spring-3.0/spring-expression-3.1.1.RELEASE.jar:/opt/netbeans-7.3.1/java/modules/ext/spring-3.0/spring-instrument-3.1.1.RELEASE.jar:/opt/netbeans-7.3.1/java/modules/ext/spring-3.0/spring-instrument-tomcat-3.1.1.RELEASE.jar:/opt/netbeans-7.3.1/java/modules/ext/spring-3.0/spring-jdbc-3.1.1.RELEASE.jar:/opt/netbeans-7.3.1/java/modules/ext/spring-3.0/spring-jms-3.1.1.RELEASE.jar:/opt/netbeans-7.3.1/java/modules/ext/spring-3.0/spring-orm-3.1.1.RELEASE.jar:/opt/netbeans-7.3.1/java/modules/ext/spring-3.0/spring-oxm-3.1.1.RELEASE.jar:/opt/netbeans-7.3.1/java/modules/ext/spring-3.0/spring-test-3.1.1.RELEASE.jar:/opt/netbeans-7.3.1/java/modules/ext/spring-3.0/spring-tx-3.1.1.RELEASE.jar:/opt/netbeans-7.3.1/java/modules/ext/spring-3.0/spring-web-3.1.1.RELEASE.jar:/opt/netbeans-7.3.1/java/modules/ext/spring-3.0/spring-webmvc-portlet-3.1.1.RELEASE.jar:/opt/netbeans-7.3.1/java/modules/ext/spring-3.0/spring-webmvc-3.1.1.RELEASE.jar:/opt/netbeans-7.3.1/java/modules/ext/spring-3.0/spring-struts-3.1.1.RELEASE.jar" />
    <property name="libs.jsp-compiler.maven-pom" value="" />
    <property name="libs.spring-webmvc.maven-pom" value="" />
    <property name="libs.ejb3-persistence.classpath" value="/opt/netbeans-7.3.1/java/modules/ext/hibernate/ejb3-persistence.jar" />
    <property name="libs.JAXB-ENDORSED.src" value="" />
    <property name="libs.spring-framework.javadoc" value="" />
    <property name="libs.testng.javadoc" value="/opt/netbeans-7.3.1/platform/docs/testng-6.5.1-javadoc.zip" />
    <property name="libs.PostgreSQLDriver.classpath" value="/opt/netbeans-7.3.1/ide/modules/ext/postgresql-9.2-1002.jdbc4.jar" />
    <property name="libs.jsf12.maven-pom" value="" />
    <property name="libs.junit.src" value="" />
    <property name="annotation.processing.source.output" value="build/generated-sources/ap-source-output" />
    <property name="libs.CopyLibs.src" value="" />
    <property name="build.dir" value="build" />
    <property name="libs.jsp-compilation.classpath" value="/opt/netbeans-7.3.1/java/ant/lib/ant.jar:/opt/netbeans-7.3.1/enterprise/modules/ext/servlet3.1-jsp2.3-api.jar:/opt/netbeans-7.3.1/enterprise/modules/ext/glassfish-jspparser-4.0.jar:/opt/netbeans-7.3.1/enterprise/modules/ext/jsf-2_2/javax.faces.jar:/opt/netbeans-7.3.1/enterprise/modules/ext/jstl.jar:/opt/netbeans-7.3.1/java/ant/lib/ant-launcher.jar" />
    <property name="j2ee.platform.is.jsr109" value="true" />
    <property name="ant.version" value="Apache Ant(TM) version 1.8.4 compiled on May 22 2012" />
    <property name="build.classes.excludes" value="**/*.java,**/*.form" />
    <property name="file.encoding" value="UTF-8" />
    <property name="jdkBug6558476" value="false" />
    <property name="javadoc.nonavbar" value="false" />
    <property name="platform.active" value="default_platform" />
    <property name="awt.toolkit" value="sun.awt.X11.XToolkit" />
    <property name="war.ear.name" value="Rampagers.war" />
    <property name="libs.javaee-web-api-7.0.javadoc" value="/opt/netbeans-7.3.1/enterprise/docs/javaee-doc-api.jar" />
  </properties>
  <testcase classname="jespringer.RahalRampagers.SellerRatingTest" name="testGetItemID" time="0.006" />
  <testcase classname="jespringer.RahalRampagers.SellerRatingTest" name="testGetBuyerID" time="0.0" />
  <testcase classname="jespringer.RahalRampagers.SellerRatingTest" name="testSetBuyerID" time="0.0" />
  <testcase classname="jespringer.RahalRampagers.SellerRatingTest" name="testGetItemName" time="0.0" />
  <testcase classname="jespringer.RahalRampagers.SellerRatingTest" name="testSetItemName" time="0.001" />
  <testcase classname="jespringer.RahalRampagers.SellerRatingTest" name="testGetComment" time="0.0" />
  <testcase classname="jespringer.RahalRampagers.SellerRatingTest" name="testSetComment" time="0.0" />
  <testcase classname="jespringer.RahalRampagers.SellerRatingTest" name="testGetSatisfaction" time="0.0" />
  <testcase classname="jespringer.RahalRampagers.SellerRatingTest" name="testSetSatisfaction" time="0.0" />
  <testcase classname="jespringer.RahalRampagers.SellerRatingTest" name="testGetQuality" time="0.0" />
  <testcase classname="jespringer.RahalRampagers.SellerRatingTest" name="testSetQuality" time="0.0" />
  <testcase classname="jespringer.RahalRampagers.SellerRatingTest" name="testGetDelivery" time="0.0" />
  <testcase classname="jespringer.RahalRampagers.SellerRatingTest" name="testSetDelivery" time="0.0" />
  <testcase classname="jespringer.RahalRampagers.SellerRatingTest" name="testAddSellerRating" time="0.009" />
  <testcase classname="jespringer.RahalRampagers.SellerRatingTest" name="testGetSellerRating" time="0.003" />
  <testcase classname="jespringer.RahalRampagers.SellerRatingTest" name="testSetItemID" time="0.001" />
  <testcase classname="jespringer.RahalRampagers.SellerRatingTest" name="testGetSellerID" time="0.0" />
  <testcase classname="jespringer.RahalRampagers.SellerRatingTest" name="testSetSellerID" time="0.0" />
  <system-out><![CDATA[getItemID
getBuyerID
setBuyerID
getItemName
setItemName
getComment
setComment
getSatisfaction
setSatisfaction
getQuality
setQuality
getDelivery
setDelivery
addSellerRating
null
getSellerRating
null
setItemID
getSellerID
setSellerID
]]></system-out>
  <system-err><![CDATA[java.lang.ClassNotFoundException: com.mysql.jdbc.Driver
	at java.net.URLClassLoader$1.run(URLClassLoader.java:366)
	at java.net.URLClassLoader$1.run(URLClassLoader.java:355)
	at java.security.AccessController.doPrivileged(Native Method)
	at java.net.URLClassLoader.findClass(URLClassLoader.java:354)
	at java.lang.ClassLoader.loadClass(ClassLoader.java:424)
	at sun.misc.Launcher$AppClassLoader.loadClass(Launcher.java:308)
	at java.lang.ClassLoader.loadClass(ClassLoader.java:357)
	at java.lang.Class.forName0(Native Method)
	at java.lang.Class.forName(Class.java:190)
	at jespringer.RahalRampagers.DBConnection.openDBConnection(DBConnection.java:9)
	at jespringer.RahalRampagers.SellerRating.addSellerRating(SellerRating.java:81)
	at jespringer.RahalRampagers.SellerRatingTest.testAddSellerRating(SellerRatingTest.java:265)
	at sun.reflect.NativeMethodAccessorImpl.invoke0(Native Method)
	at sun.reflect.NativeMethodAccessorImpl.invoke(NativeMethodAccessorImpl.java:57)
	at sun.reflect.DelegatingMethodAccessorImpl.invoke(DelegatingMethodAccessorImpl.java:43)
	at java.lang.reflect.Method.invoke(Method.java:606)
	at org.junit.runners.model.FrameworkMethod$1.runReflectiveCall(FrameworkMethod.java:45)
	at org.junit.internal.runners.model.ReflectiveCallable.run(ReflectiveCallable.java:15)
	at org.junit.runners.model.FrameworkMethod.invokeExplosively(FrameworkMethod.java:42)
	at org.junit.internal.runners.statements.InvokeMethod.evaluate(InvokeMethod.java:20)
	at org.junit.internal.runners.statements.RunBefores.evaluate(RunBefores.java:28)
	at org.junit.internal.runners.statements.RunAfters.evaluate(RunAfters.java:30)
	at org.junit.runners.ParentRunner.runLeaf(ParentRunner.java:263)
	at org.junit.runners.BlockJUnit4ClassRunner.runChild(BlockJUnit4ClassRunner.java:68)
	at org.junit.runners.BlockJUnit4ClassRunner.runChild(BlockJUnit4ClassRunner.java:47)
	at org.junit.runners.ParentRunner$3.run(ParentRunner.java:231)
	at org.junit.runners.ParentRunner$1.schedule(ParentRunner.java:60)
	at org.junit.runners.ParentRunner.runChildren(ParentRunner.java:229)
	at org.junit.runners.ParentRunner.access$000(ParentRunner.java:50)
	at org.junit.runners.ParentRunner$2.evaluate(ParentRunner.java:222)
	at org.junit.internal.runners.statements.RunBefores.evaluate(RunBefores.java:28)
	at org.junit.internal.runners.statements.RunAfters.evaluate(RunAfters.java:30)
	at org.junit.runners.ParentRunner.run(ParentRunner.java:300)
	at junit.framework.JUnit4TestAdapter.run(JUnit4TestAdapter.java:39)
	at org.apache.tools.ant.taskdefs.optional.junit.JUnitTestRunner.run(JUnitTestRunner.java:520)
	at org.apache.tools.ant.taskdefs.optional.junit.JUnitTestRunner.launch(JUnitTestRunner.java:1060)
	at org.apache.tools.ant.taskdefs.optional.junit.JUnitTestRunner.main(JUnitTestRunner.java:911)
java.lang.ClassNotFoundException: com.mysql.jdbc.Driver
	at java.net.URLClassLoader$1.run(URLClassLoader.java:366)
	at java.net.URLClassLoader$1.run(URLClassLoader.java:355)
	at java.security.AccessController.doPrivileged(Native Method)
	at java.net.URLClassLoader.findClass(URLClassLoader.java:354)
	at java.lang.ClassLoader.loadClass(ClassLoader.java:424)
	at sun.misc.Launcher$AppClassLoader.loadClass(Launcher.java:308)
	at java.lang.ClassLoader.loadClass(ClassLoader.java:357)
	at java.lang.Class.forName0(Native Method)
	at java.lang.Class.forName(Class.java:190)
	at jespringer.RahalRampagers.DBConnection.openDBConnection(DBConnection.java:9)
	at jespringer.RahalRampagers.SellerRatingTest.testAddSellerRating(SellerRatingTest.java:267)
	at sun.reflect.NativeMethodAccessorImpl.invoke0(Native Method)
	at sun.reflect.NativeMethodAccessorImpl.invoke(NativeMethodAccessorImpl.java:57)
	at sun.reflect.DelegatingMethodAccessorImpl.invoke(DelegatingMethodAccessorImpl.java:43)
	at java.lang.reflect.Method.invoke(Method.java:606)
	at org.junit.runners.model.FrameworkMethod$1.runReflectiveCall(FrameworkMethod.java:45)
	at org.junit.internal.runners.model.ReflectiveCallable.run(ReflectiveCallable.java:15)
	at org.junit.runners.model.FrameworkMethod.invokeExplosively(FrameworkMethod.java:42)
	at org.junit.internal.runners.statements.InvokeMethod.evaluate(InvokeMethod.java:20)
	at org.junit.internal.runners.statements.RunBefores.evaluate(RunBefores.java:28)
	at org.junit.internal.runners.statements.RunAfters.evaluate(RunAfters.java:30)
	at org.junit.runners.ParentRunner.runLeaf(ParentRunner.java:263)
	at org.junit.runners.BlockJUnit4ClassRunner.runChild(BlockJUnit4ClassRunner.java:68)
	at org.junit.runners.BlockJUnit4ClassRunner.runChild(BlockJUnit4ClassRunner.java:47)
	at org.junit.runners.ParentRunner$3.run(ParentRunner.java:231)
	at org.junit.runners.ParentRunner$1.schedule(ParentRunner.java:60)
	at org.junit.runners.ParentRunner.runChildren(ParentRunner.java:229)
	at org.junit.runners.ParentRunner.access$000(ParentRunner.java:50)
	at org.junit.runners.ParentRunner$2.evaluate(ParentRunner.java:222)
	at org.junit.internal.runners.statements.RunBefores.evaluate(RunBefores.java:28)
	at org.junit.internal.runners.statements.RunAfters.evaluate(RunAfters.java:30)
	at org.junit.runners.ParentRunner.run(ParentRunner.java:300)
	at junit.framework.JUnit4TestAdapter.run(JUnit4TestAdapter.java:39)
	at org.apache.tools.ant.taskdefs.optional.junit.JUnitTestRunner.run(JUnitTestRunner.java:520)
	at org.apache.tools.ant.taskdefs.optional.junit.JUnitTestRunner.launch(JUnitTestRunner.java:1060)
	at org.apache.tools.ant.taskdefs.optional.junit.JUnitTestRunner.main(JUnitTestRunner.java:911)
java.lang.ClassNotFoundException: com.mysql.jdbc.Driver
	at java.net.URLClassLoader$1.run(URLClassLoader.java:366)
	at java.net.URLClassLoader$1.run(URLClassLoader.java:355)
	at java.security.AccessController.doPrivileged(Native Method)
	at java.net.URLClassLoader.findClass(URLClassLoader.java:354)
	at java.lang.ClassLoader.loadClass(ClassLoader.java:424)
	at sun.misc.Launcher$AppClassLoader.loadClass(Launcher.java:308)
	at java.lang.ClassLoader.loadClass(ClassLoader.java:357)
	at java.lang.Class.forName0(Native Method)
	at java.lang.Class.forName(Class.java:190)
	at jespringer.RahalRampagers.DBConnection.openDBConnection(DBConnection.java:9)
	at jespringer.RahalRampagers.SellerRating.getSellerRating(SellerRating.java:102)
	at jespringer.RahalRampagers.SellerRatingTest.testGetSellerRating(SellerRatingTest.java:301)
	at sun.reflect.NativeMethodAccessorImpl.invoke0(Native Method)
	at sun.reflect.NativeMethodAccessorImpl.invoke(NativeMethodAccessorImpl.java:57)
	at sun.reflect.DelegatingMethodAccessorImpl.invoke(DelegatingMethodAccessorImpl.java:43)
	at java.lang.reflect.Method.invoke(Method.java:606)
	at org.junit.runners.model.FrameworkMethod$1.runReflectiveCall(FrameworkMethod.java:45)
	at org.junit.internal.runners.model.ReflectiveCallable.run(ReflectiveCallable.java:15)
	at org.junit.runners.model.FrameworkMethod.invokeExplosively(FrameworkMethod.java:42)
	at org.junit.internal.runners.statements.InvokeMethod.evaluate(InvokeMethod.java:20)
	at org.junit.internal.runners.statements.RunBefores.evaluate(RunBefores.java:28)
	at org.junit.internal.runners.statements.RunAfters.evaluate(RunAfters.java:30)
	at org.junit.runners.ParentRunner.runLeaf(ParentRunner.java:263)
	at org.junit.runners.BlockJUnit4ClassRunner.runChild(BlockJUnit4ClassRunner.java:68)
	at org.junit.runners.BlockJUnit4ClassRunner.runChild(BlockJUnit4ClassRunner.java:47)
	at org.junit.runners.ParentRunner$3.run(ParentRunner.java:231)
	at org.junit.runners.ParentRunner$1.schedule(ParentRunner.java:60)
	at org.junit.runners.ParentRunner.runChildren(ParentRunner.java:229)
	at org.junit.runners.ParentRunner.access$000(ParentRunner.java:50)
	at org.junit.runners.ParentRunner$2.evaluate(ParentRunner.java:222)
	at org.junit.internal.runners.statements.RunBefores.evaluate(RunBefores.java:28)
	at org.junit.internal.runners.statements.RunAfters.evaluate(RunAfters.java:30)
	at org.junit.runners.ParentRunner.run(ParentRunner.java:300)
	at junit.framework.JUnit4TestAdapter.run(JUnit4TestAdapter.java:39)
	at org.apache.tools.ant.taskdefs.optional.junit.JUnitTestRunner.run(JUnitTestRunner.java:520)
	at org.apache.tools.ant.taskdefs.optional.junit.JUnitTestRunner.launch(JUnitTestRunner.java:1060)
	at org.apache.tools.ant.taskdefs.optional.junit.JUnitTestRunner.main(JUnitTestRunner.java:911)
]]></system-err>
</testsuite>
